::1 - - [03/Jan/2020:21:06:55 +0000] "GET /feed/getCount HTTP/1.1" 304 - "http://localhost:8080/dashboard" "Mozilla/5.0 (Windows NT 10.0; Win64; x64) AppleWebKit/537.36 (KHTML, like Gecko) Chrome/79.0.3945.88 Safari/537.36"
::1 - - [03/Jan/2020:21:06:56 +0000] "GET /feed/getCount HTTP/1.1" 304 - "http://localhost:8080/dashboard" "Mozilla/5.0 (Windows NT 10.0; Win64; x64) AppleWebKit/537.36 (KHTML, like Gecko) Chrome/79.0.3945.88 Safari/537.36"
::1 - - [03/Jan/2020:22:58:52 +0000] "POST /auth/login HTTP/1.1" 401 56 "http://localhost:8080/" "Mozilla/5.0 (Windows NT 10.0; Win64; x64) AppleWebKit/537.36 (KHTML, like Gecko) Chrome/79.0.3945.88 Safari/537.36"
::1 - - [03/Jan/2020:22:59:00 +0000] "POST /auth/login HTTP/1.1" 200 - "http://localhost:8080/" "Mozilla/5.0 (Windows NT 10.0; Win64; x64) AppleWebKit/537.36 (KHTML, like Gecko) Chrome/79.0.3945.88 Safari/537.36"
::1 - - [03/Jan/2020:22:59:02 +0000] "GET /feed/getCount HTTP/1.1" 304 - "http://localhost:8080/dashboard" "Mozilla/5.0 (Windows NT 10.0; Win64; x64) AppleWebKit/537.36 (KHTML, like Gecko) Chrome/79.0.3945.88 Safari/537.36"
::1 - - [03/Jan/2020:22:59:05 +0000] "GET /feed/getCount HTTP/1.1" 304 - "http://localhost:8080/dashboard" "Mozilla/5.0 (Windows NT 10.0; Win64; x64) AppleWebKit/537.36 (KHTML, like Gecko) Chrome/79.0.3945.88 Safari/537.36"
::1 - - [03/Jan/2020:22:59:23 +0000] "GET /note/get HTTP/1.1" 304 - "http://localhost:8080/notes" "Mozilla/5.0 (Windows NT 10.0; Win64; x64) AppleWebKit/537.36 (KHTML, like Gecko) Chrome/79.0.3945.88 Safari/537.36"
::1 - - [03/Jan/2020:22:59:23 +0000] "GET /note/get HTTP/1.1" 304 - "http://localhost:8080/notes" "Mozilla/5.0 (Windows NT 10.0; Win64; x64) AppleWebKit/537.36 (KHTML, like Gecko) Chrome/79.0.3945.88 Safari/537.36"
::1 - - [03/Jan/2020:22:59:23 +0000] "GET /note/get HTTP/1.1" 304 - "http://localhost:8080/notes" "Mozilla/5.0 (Windows NT 10.0; Win64; x64) AppleWebKit/537.36 (KHTML, like Gecko) Chrome/79.0.3945.88 Safari/537.36"
::1 - - [04/Jan/2020:01:47:35 +0000] "GET / HTTP/1.1" 404 139 "-" "Mozilla/5.0 (Windows NT 10.0; Win64; x64) AppleWebKit/537.36 (KHTML, like Gecko) Chrome/79.0.3945.88 Safari/537.36"
::1 - - [04/Jan/2020:02:03:59 +0000] "GET /feed/get HTTP/1.1" 500 25 "http://localhost:8080/tasks" "Mozilla/5.0 (Windows NT 10.0; Win64; x64) AppleWebKit/537.36 (KHTML, like Gecko) Chrome/79.0.3945.88 Safari/537.36"
::1 - - [04/Jan/2020:02:03:59 +0000] "GET /feed/get HTTP/1.1" 500 25 "http://localhost:8080/tasks" "Mozilla/5.0 (Windows NT 10.0; Win64; x64) AppleWebKit/537.36 (KHTML, like Gecko) Chrome/79.0.3945.88 Safari/537.36"
::1 - - [04/Jan/2020:02:04:13 +0000] "GET /feed/getCount HTTP/1.1" 500 25 "http://localhost:8080/dashboard" "Mozilla/5.0 (Windows NT 10.0; Win64; x64) AppleWebKit/537.36 (KHTML, like Gecko) Chrome/79.0.3945.88 Safari/537.36"
::1 - - [04/Jan/2020:02:04:13 +0000] "GET /feed/getCount HTTP/1.1" 500 25 "http://localhost:8080/dashboard" "Mozilla/5.0 (Windows NT 10.0; Win64; x64) AppleWebKit/537.36 (KHTML, like Gecko) Chrome/79.0.3945.88 Safari/537.36"
::1 - - [04/Jan/2020:02:04:33 +0000] "POST /auth/login HTTP/1.1" 200 - "http://localhost:8080/" "Mozilla/5.0 (Windows NT 10.0; Win64; x64) AppleWebKit/537.36 (KHTML, like Gecko) Chrome/79.0.3945.88 Safari/537.36"
::1 - - [04/Jan/2020:02:04:35 +0000] "GET /feed/getCount HTTP/1.1" 200 60 "http://localhost:8080/dashboard" "Mozilla/5.0 (Windows NT 10.0; Win64; x64) AppleWebKit/537.36 (KHTML, like Gecko) Chrome/79.0.3945.88 Safari/537.36"
::1 - - [04/Jan/2020:02:04:36 +0000] "GET /feed/getCount HTTP/1.1" 304 - "http://localhost:8080/dashboard" "Mozilla/5.0 (Windows NT 10.0; Win64; x64) AppleWebKit/537.36 (KHTML, like Gecko) Chrome/79.0.3945.88 Safari/537.36"
::1 - - [04/Jan/2020:02:05:05 +0000] "GET /feed/get HTTP/1.1" 200 - "http://localhost:8080/tasks" "Mozilla/5.0 (Windows NT 10.0; Win64; x64) AppleWebKit/537.36 (KHTML, like Gecko) Chrome/79.0.3945.88 Safari/537.36"
::1 - - [04/Jan/2020:02:05:07 +0000] "GET /feed/get HTTP/1.1" 304 - "http://localhost:8080/tasks" "Mozilla/5.0 (Windows NT 10.0; Win64; x64) AppleWebKit/537.36 (KHTML, like Gecko) Chrome/79.0.3945.88 Safari/537.36"
::1 - - [04/Jan/2020:02:05:07 +0000] "POST /feed/create HTTP/1.1" 201 443 "http://localhost:8080/tasks" "Mozilla/5.0 (Windows NT 10.0; Win64; x64) AppleWebKit/537.36 (KHTML, like Gecko) Chrome/79.0.3945.88 Safari/537.36"
